e:\prm\test\02 emu rathena\.vs\build\char-server\x64\debug\vc143.pdb
e:\prm\test\02 emu rathena\.vs\build\char-server\x64\debug\vc143.idb
e:\prm\test\02 emu rathena\.vs\build\char-server\x64\debug\int_storage.obj
e:\prm\test\02 emu rathena\.vs\build\char-server\x64\debug\int_quest.obj
e:\prm\test\02 emu rathena\.vs\build\char-server\x64\debug\int_pet.obj
e:\prm\test\02 emu rathena\.vs\build\char-server\x64\debug\int_party.obj
e:\prm\test\02 emu rathena\.vs\build\char-server\x64\debug\int_mercenary.obj
e:\prm\test\02 emu rathena\.vs\build\char-server\x64\debug\int_mail.obj
e:\prm\test\02 emu rathena\.vs\build\char-server\x64\debug\int_homun.obj
e:\prm\test\02 emu rathena\.vs\build\char-server\x64\debug\int_guild.obj
e:\prm\test\02 emu rathena\.vs\build\char-server\x64\debug\int_elemental.obj
e:\prm\test\02 emu rathena\.vs\build\char-server\x64\debug\int_clan.obj
e:\prm\test\02 emu rathena\.vs\build\char-server\x64\debug\int_auction.obj
e:\prm\test\02 emu rathena\.vs\build\char-server\x64\debug\int_achievement.obj
e:\prm\test\02 emu rathena\.vs\build\char-server\x64\debug\inter.obj
e:\prm\test\02 emu rathena\.vs\build\char-server\x64\debug\char_mapif.obj
e:\prm\test\02 emu rathena\.vs\build\char-server\x64\debug\char_logif.obj
e:\prm\test\02 emu rathena\.vs\build\char-server\x64\debug\char_cnslif.obj
e:\prm\test\02 emu rathena\.vs\build\char-server\x64\debug\char_clif.obj
e:\prm\test\02 emu rathena\.vs\build\char-server\x64\debug\char.obj
e:\prm\test\02 emu rathena\char-server.exe
e:\prm\test\02 emu rathena\char-server.pdb
e:\prm\test\02 emu rathena\.vs\build\char-server\x64\debug\char-server.ilk
e:\prm\test\02 emu rathena\.vs\build\char-server\x64\debug\char-server.vcxproj.filelistabsolute.txt
e:\prm\test\02 emu rathena\.vs\build\char-server\x64\debug\char-server.tlog\cl.command.1.tlog
e:\prm\test\02 emu rathena\.vs\build\char-server\x64\debug\char-server.tlog\cl.items.tlog
e:\prm\test\02 emu rathena\.vs\build\char-server\x64\debug\char-server.tlog\cl.read.1.tlog
e:\prm\test\02 emu rathena\.vs\build\char-server\x64\debug\char-server.tlog\cl.write.1.tlog
e:\prm\test\02 emu rathena\.vs\build\char-server\x64\debug\char-server.tlog\link.command.1.tlog
e:\prm\test\02 emu rathena\.vs\build\char-server\x64\debug\char-server.tlog\link.read.1.tlog
e:\prm\test\02 emu rathena\.vs\build\char-server\x64\debug\char-server.tlog\link.secondary.1.tlog
e:\prm\test\02 emu rathena\.vs\build\char-server\x64\debug\char-server.tlog\link.write.1.tlog
