e:\prm\test\02 emu rathena\.vs\build\yaml-cpp.pdb
e:\prm\test\02 emu rathena\.vs\build\yaml-cpp.idb
e:\prm\test\02 emu rathena\.vs\build\yaml-cpp\x64\debug\parse.obj
e:\prm\test\02 emu rathena\.vs\build\yaml-cpp\x64\debug\ostream_wrapper.obj
e:\prm\test\02 emu rathena\.vs\build\yaml-cpp\x64\debug\null.obj
e:\prm\test\02 emu rathena\.vs\build\yaml-cpp\x64\debug\node_data.obj
e:\prm\test\02 emu rathena\.vs\build\yaml-cpp\x64\debug\nodeevents.obj
e:\prm\test\02 emu rathena\.vs\build\yaml-cpp\x64\debug\nodebuilder.obj
e:\prm\test\02 emu rathena\.vs\build\yaml-cpp\x64\debug\node.obj
e:\prm\test\02 emu rathena\.vs\build\yaml-cpp\x64\debug\memory.obj
e:\prm\test\02 emu rathena\.vs\build\yaml-cpp\x64\debug\exp.obj
e:\prm\test\02 emu rathena\.vs\build\yaml-cpp\x64\debug\exceptions.obj
e:\prm\test\02 emu rathena\.vs\build\yaml-cpp\x64\debug\emitterutils.obj
e:\prm\test\02 emu rathena\.vs\build\yaml-cpp\x64\debug\emitterstate.obj
e:\prm\test\02 emu rathena\.vs\build\yaml-cpp\x64\debug\emitter.obj
e:\prm\test\02 emu rathena\.vs\build\yaml-cpp\x64\debug\emitfromevents.obj
e:\prm\test\02 emu rathena\.vs\build\yaml-cpp\x64\debug\emit.obj
e:\prm\test\02 emu rathena\.vs\build\yaml-cpp\x64\debug\directives.obj
e:\prm\test\02 emu rathena\.vs\build\yaml-cpp\x64\debug\convert.obj
e:\prm\test\02 emu rathena\.vs\build\yaml-cpp\x64\debug\graphbuilderadapter.obj
e:\prm\test\02 emu rathena\.vs\build\yaml-cpp\x64\debug\graphbuilder.obj
e:\prm\test\02 emu rathena\.vs\build\yaml-cpp\x64\debug\binary.obj
e:\prm\test\02 emu rathena\.vs\build\yaml-cpp\x64\debug\tag.obj
e:\prm\test\02 emu rathena\.vs\build\yaml-cpp\x64\debug\stream.obj
e:\prm\test\02 emu rathena\.vs\build\yaml-cpp\x64\debug\singledocparser.obj
e:\prm\test\02 emu rathena\.vs\build\yaml-cpp\x64\debug\simplekey.obj
e:\prm\test\02 emu rathena\.vs\build\yaml-cpp\x64\debug\scantoken.obj
e:\prm\test\02 emu rathena\.vs\build\yaml-cpp\x64\debug\scantag.obj
e:\prm\test\02 emu rathena\.vs\build\yaml-cpp\x64\debug\scanscalar.obj
e:\prm\test\02 emu rathena\.vs\build\yaml-cpp\x64\debug\scanner.obj
e:\prm\test\02 emu rathena\.vs\build\yaml-cpp\x64\debug\regex_yaml.obj
e:\prm\test\02 emu rathena\.vs\build\yaml-cpp\x64\debug\parser.obj
e:\prm\test\02 emu rathena\.vs\build\yaml-cpp.lib
e:\prm\test\02 emu rathena\.vs\build\yaml-cpp\x64\debug\yaml-cpp.vcxproj.filelistabsolute.txt
e:\prm\test\02 emu rathena\.vs\build\yaml-cpp\x64\debug\yaml-cpp.tlog\cl.command.1.tlog
e:\prm\test\02 emu rathena\.vs\build\yaml-cpp\x64\debug\yaml-cpp.tlog\cl.items.tlog
e:\prm\test\02 emu rathena\.vs\build\yaml-cpp\x64\debug\yaml-cpp.tlog\cl.read.1.tlog
e:\prm\test\02 emu rathena\.vs\build\yaml-cpp\x64\debug\yaml-cpp.tlog\cl.write.1.tlog
e:\prm\test\02 emu rathena\.vs\build\yaml-cpp\x64\debug\yaml-cpp.tlog\lib-link.read.1.tlog
e:\prm\test\02 emu rathena\.vs\build\yaml-cpp\x64\debug\yaml-cpp.tlog\lib-link.write.1.tlog
e:\prm\test\02 emu rathena\.vs\build\yaml-cpp\x64\debug\yaml-cpp.tlog\lib.command.1.tlog
