e:\prm\test\02 emu rathena\.vs\build\login-server\x64\debug\vc143.pdb
e:\prm\test\02 emu rathena\.vs\build\login-server\x64\debug\vc143.idb
e:\prm\test\02 emu rathena\.vs\build\login-server\x64\debug\loginlog.obj
e:\prm\test\02 emu rathena\.vs\build\login-server\x64\debug\logincnslif.obj
e:\prm\test\02 emu rathena\.vs\build\login-server\x64\debug\loginclif.obj
e:\prm\test\02 emu rathena\.vs\build\login-server\x64\debug\loginchrif.obj
e:\prm\test\02 emu rathena\.vs\build\login-server\x64\debug\login.obj
e:\prm\test\02 emu rathena\.vs\build\login-server\x64\debug\ipban.obj
e:\prm\test\02 emu rathena\.vs\build\login-server\x64\debug\account.obj
e:\prm\test\02 emu rathena\login-server.exe
e:\prm\test\02 emu rathena\login-server.pdb
e:\prm\test\02 emu rathena\.vs\build\login-server\x64\debug\login-server.ilk
e:\prm\test\02 emu rathena\.vs\build\login-server\x64\debug\login-server.vcxproj.filelistabsolute.txt
e:\prm\test\02 emu rathena\.vs\build\login-server\x64\debug\login-server.tlog\cl.command.1.tlog
e:\prm\test\02 emu rathena\.vs\build\login-server\x64\debug\login-server.tlog\cl.items.tlog
e:\prm\test\02 emu rathena\.vs\build\login-server\x64\debug\login-server.tlog\cl.read.1.tlog
e:\prm\test\02 emu rathena\.vs\build\login-server\x64\debug\login-server.tlog\cl.write.1.tlog
e:\prm\test\02 emu rathena\.vs\build\login-server\x64\debug\login-server.tlog\link.command.1.tlog
e:\prm\test\02 emu rathena\.vs\build\login-server\x64\debug\login-server.tlog\link.read.1.tlog
e:\prm\test\02 emu rathena\.vs\build\login-server\x64\debug\login-server.tlog\link.secondary.1.tlog
e:\prm\test\02 emu rathena\.vs\build\login-server\x64\debug\login-server.tlog\link.write.1.tlog
