e:\prm\test\02 emu rathena\.vs\build\map-server\x64\debug\vc143.pdb
e:\prm\test\02 emu rathena\.vs\build\map-server\x64\debug\vc143.idb
e:\prm\test\02 emu rathena\.vs\build\map-server\x64\debug\log.obj
e:\prm\test\02 emu rathena\.vs\build\map-server\x64\debug\itemdb.obj
e:\prm\test\02 emu rathena\.vs\build\map-server\x64\debug\intif.obj
e:\prm\test\02 emu rathena\.vs\build\map-server\x64\debug\instance.obj
e:\prm\test\02 emu rathena\.vs\build\map-server\x64\debug\homunculus.obj
e:\prm\test\02 emu rathena\.vs\build\map-server\x64\debug\guild.obj
e:\prm\test\02 emu rathena\.vs\build\map-server\x64\debug\elemental.obj
e:\prm\test\02 emu rathena\.vs\build\map-server\x64\debug\duel.obj
e:\prm\test\02 emu rathena\.vs\build\map-server\x64\debug\date.obj
e:\prm\test\02 emu rathena\.vs\build\map-server\x64\debug\clif.obj
e:\prm\test\02 emu rathena\.vs\build\map-server\x64\debug\clan.obj
e:\prm\test\02 emu rathena\.vs\build\map-server\x64\debug\chrif.obj
e:\prm\test\02 emu rathena\.vs\build\map-server\x64\debug\chat.obj
e:\prm\test\02 emu rathena\.vs\build\map-server\x64\debug\channel.obj
e:\prm\test\02 emu rathena\.vs\build\map-server\x64\debug\cashshop.obj
e:\prm\test\02 emu rathena\.vs\build\map-server\x64\debug\buyingstore.obj
e:\prm\test\02 emu rathena\.vs\build\map-server\x64\debug\battleground.obj
e:\prm\test\02 emu rathena\.vs\build\map-server\x64\debug\battle.obj
e:\prm\test\02 emu rathena\.vs\build\map-server\x64\debug\atcommand.obj
e:\prm\test\02 emu rathena\.vs\build\map-server\x64\debug\achievement.obj
e:\prm\test\02 emu rathena\.vs\build\map-server\x64\debug\unit.obj
e:\prm\test\02 emu rathena\.vs\build\map-server\x64\debug\trade.obj
e:\prm\test\02 emu rathena\.vs\build\map-server\x64\debug\storage.obj
e:\prm\test\02 emu rathena\.vs\build\map-server\x64\debug\status.obj
e:\prm\test\02 emu rathena\.vs\build\map-server\x64\debug\skill.obj
e:\prm\test\02 emu rathena\.vs\build\map-server\x64\debug\searchstore.obj
e:\prm\test\02 emu rathena\.vs\build\map-server\x64\debug\script.obj
e:\prm\test\02 emu rathena\.vs\build\map-server\x64\debug\quest.obj
e:\prm\test\02 emu rathena\.vs\build\map-server\x64\debug\pet.obj
e:\prm\test\02 emu rathena\.vs\build\map-server\x64\debug\pc_groups.obj
e:\prm\test\02 emu rathena\.vs\build\map-server\x64\debug\pc.obj
e:\prm\test\02 emu rathena\.vs\build\map-server\x64\debug\path.obj
e:\prm\test\02 emu rathena\.vs\build\map-server\x64\debug\party.obj
e:\prm\test\02 emu rathena\.vs\build\map-server\x64\debug\npc_chat.obj
e:\prm\test\02 emu rathena\.vs\build\map-server\x64\debug\npc.obj
e:\prm\test\02 emu rathena\.vs\build\map-server\x64\debug\mob.obj
e:\prm\test\02 emu rathena\.vs\build\map-server\x64\debug\mercenary.obj
e:\prm\test\02 emu rathena\.vs\build\map-server\x64\debug\mapreg.obj
e:\prm\test\02 emu rathena\.vs\build\map-server\x64\debug\map.obj
e:\prm\test\02 emu rathena\.vs\build\map-server\x64\debug\mail.obj
e:\prm\test\02 emu rathena\.vs\build\map-server\x64\debug\vending.obj
e:\prm\test\02 emu rathena\map-server.exe
e:\prm\test\02 emu rathena\map-server.pdb
e:\prm\test\02 emu rathena\.vs\build\map-server\x64\debug\map-server.ilk
e:\prm\test\02 emu rathena\.vs\build\map-server\x64\debug\map-server.vcxproj.filelistabsolute.txt
e:\prm\test\02 emu rathena\.vs\build\map-server\x64\debug\map-server.tlog\cl.command.1.tlog
e:\prm\test\02 emu rathena\.vs\build\map-server\x64\debug\map-server.tlog\cl.items.tlog
e:\prm\test\02 emu rathena\.vs\build\map-server\x64\debug\map-server.tlog\cl.read.1.tlog
e:\prm\test\02 emu rathena\.vs\build\map-server\x64\debug\map-server.tlog\cl.write.1.tlog
e:\prm\test\02 emu rathena\.vs\build\map-server\x64\debug\map-server.tlog\link.command.1.tlog
e:\prm\test\02 emu rathena\.vs\build\map-server\x64\debug\map-server.tlog\link.read.1.tlog
e:\prm\test\02 emu rathena\.vs\build\map-server\x64\debug\map-server.tlog\link.secondary.1.tlog
e:\prm\test\02 emu rathena\.vs\build\map-server\x64\debug\map-server.tlog\link.write.1.tlog
